# JRE version: OpenJDK Runtime Environment (17.0.6) (build 17.0.6+0-b2043.56-9586694)
# Java VM: OpenJDK 64-Bit Server VM (17.0.6+0-b2043.56-9586694, mixed mode, tiered, compressed oops, compressed class ptrs, g1 gc, windows-amd64)
GC Precious Log:
 CPUs: 6 total, 6 available
 Memory: 7564M
 Large Page Support: Disabled
 NUMA Support: Disabled
 Compressed Oops: Enabled (32-bit)
 Heap Region Size: 1M
 Heap Min Capacity: 8M
 Heap Initial Capacity: 120M
 Heap Max Capacity: 2G
 Pre-touch: Disabled
 Parallel Workers: 6
 Concurrent Workers: 2
 Concurrent Refinement Workers: 6
 Periodic GC: Disabled
Heap:
 garbage-first heap   total 498688K, used 152208K [0x0000000080000000, 0x0000000100000000)
  region size 1024K, 6 young (6144K), 6 survivors (6144K)
 Metaspace       used 130586K, committed 131904K, reserved 1163264K
  class space    used 17181K, committed 17792K, reserved 1048576K
GC Heap History (20 events):
Event: 2425.031 GC heap after
{Heap after GC invocations=83 (full 0):
 garbage-first heap   total 526336K, used 120488K [0x0000000080000000, 0x0000000100000000)
  region size 1024K, 2 young (2048K), 2 survivors (2048K)
 Metaspace       used 129732K, committed 131008K, reserved 1163264K
  class space    used 17186K, committed 17792K, reserved 1048576K
}
Event: 2425.058 GC heap before
{Heap before GC invocations=83 (full 0):
 garbage-first heap   total 526336K, used 121512K [0x0000000080000000, 0x0000000100000000)
  region size 1024K, 5 young (5120K), 2 survivors (2048K)
 Metaspace       used 129732K, committed 131008K, reserved 1163264K
  class space    used 17186K, committed 17792K, reserved 1048576K
}
Event: 2425.063 GC heap after
{Heap after GC invocations=84 (full 0):
 garbage-first heap   total 526336K, used 119493K [0x0000000080000000, 0x0000000100000000)
  region size 1024K, 1 young (1024K), 1 survivors (1024K)
 Metaspace       used 129732K, committed 131008K, reserved 1163264K
  class space    used 17186K, committed 17792K, reserved 1048576K
}
Event: 3271.551 GC heap before
{Heap before GC invocations=85 (full 0):
 garbage-first heap   total 498688K, used 431813K [0x0000000080000000, 0x0000000100000000)
  region size 1024K, 251 young (257024K), 1 survivors (1024K)
 Metaspace       used 130116K, committed 131392K, reserved 1163264K
  class space    used 17192K, committed 17792K, reserved 1048576K
}
Event: 3271.772 GC heap after
{Heap after GC invocations=86 (full 0):
 garbage-first heap   total 498688K, used 141626K [0x0000000080000000, 0x0000000100000000)
  region size 1024K, 21 young (21504K), 21 survivors (21504K)
 Metaspace       used 130116K, committed 131392K, reserved 1163264K
  class space    used 17192K, committed 17792K, reserved 1048576K
}
Event: 3271.807 GC heap before
{Heap before GC invocations=86 (full 0):
 garbage-first heap   total 498688K, used 144698K [0x0000000080000000, 0x0000000100000000)
  region size 1024K, 24 young (24576K), 21 survivors (21504K)
 Metaspace       used 130118K, committed 131392K, reserved 1163264K
  class space    used 17192K, committed 17792K, reserved 1048576K
}
Event: 3272.087 GC heap after
{Heap after GC invocations=87 (full 0):
 garbage-first heap   total 498688K, used 134622K [0x0000000080000000, 0x0000000100000000)
  region size 1024K, 3 young (3072K), 3 survivors (3072K)
 Metaspace       used 130118K, committed 131392K, reserved 1163264K
  class space    used 17192K, committed 17792K, reserved 1048576K
}
Event: 3272.467 GC heap before
{Heap before GC invocations=87 (full 0):
 garbage-first heap   total 498688K, used 156126K [0x0000000080000000, 0x0000000100000000)
  region size 1024K, 26 young (26624K), 3 survivors (3072K)
 Metaspace       used 130143K, committed 131392K, reserved 1163264K
  class space    used 17192K, committed 17792K, reserved 1048576K
}
Event: 3272.512 GC heap after
{Heap after GC invocations=88 (full 0):
 garbage-first heap   total 498688K, used 142814K [0x0000000080000000, 0x0000000100000000)
  region size 1024K, 11 young (11264K), 11 survivors (11264K)
 Metaspace       used 130143K, committed 131392K, reserved 1163264K
  class space    used 17192K, committed 17792K, reserved 1048576K
}
Event: 3282.208 GC heap before
{Heap before GC invocations=89 (full 0):
 garbage-first heap   total 498688K, used 308925K [0x0000000080000000, 0x0000000100000000)
  region size 1024K, 158 young (161792K), 11 survivors (11264K)
 Metaspace       used 130287K, committed 131584K, reserved 1163264K
  class space    used 17180K, committed 17792K, reserved 1048576K
}
Event: 3282.319 GC heap after
{Heap after GC invocations=90 (full 0):
 garbage-first heap   total 498688K, used 156839K [0x0000000080000000, 0x0000000100000000)
  region size 1024K, 20 young (20480K), 20 survivors (20480K)
 Metaspace       used 130287K, committed 131584K, reserved 1163264K
  class space    used 17180K, committed 17792K, reserved 1048576K
}
Event: 3282.366 GC heap before
{Heap before GC invocations=90 (full 0):
 garbage-first heap   total 498688K, used 160935K [0x0000000080000000, 0x0000000100000000)
  region size 1024K, 24 young (24576K), 20 survivors (20480K)
 Metaspace       used 130325K, committed 131648K, reserved 1163264K
  class space    used 17180K, committed 17792K, reserved 1048576K
}
Event: 3282.433 GC heap after
{Heap after GC invocations=91 (full 0):
 garbage-first heap   total 498688K, used 151994K [0x0000000080000000, 0x0000000100000000)
  region size 1024K, 3 young (3072K), 3 survivors (3072K)
 Metaspace       used 130325K, committed 131648K, reserved 1163264K
  class space    used 17180K, committed 17792K, reserved 1048576K
}
Event: 3282.842 GC heap before
{Heap before GC invocations=91 (full 0):
 garbage-first heap   total 498688K, used 174522K [0x0000000080000000, 0x0000000100000000)
  region size 1024K, 26 young (26624K), 3 survivors (3072K)
 Metaspace       used 130407K, committed 131712K, reserved 1163264K
  class space    used 17180K, committed 17792K, reserved 1048576K
}
Event: 3282.856 GC heap after
{Heap after GC invocations=92 (full 0):
 garbage-first heap   total 498688K, used 151064K [0x0000000080000000, 0x0000000100000000)
  region size 1024K, 2 young (2048K), 2 survivors (2048K)
 Metaspace       used 130407K, committed 131712K, reserved 1163264K
  class space    used 17180K, committed 17792K, reserved 1048576K
}
Event: 3808.398 GC heap before
{Heap before GC invocations=93 (full 0):
 garbage-first heap   total 498688K, used 412184K [0x0000000080000000, 0x0000000100000000)
  region size 1024K, 231 young (236544K), 2 survivors (2048K)
 Metaspace       used 130574K, committed 131904K, reserved 1163264K
  class space    used 17181K, committed 17792K, reserved 1048576K
}
Event: 3808.505 GC heap after
{Heap after GC invocations=94 (full 0):
 garbage-first heap   total 498688K, used 161088K [0x0000000080000000, 0x0000000100000000)
  region size 1024K, 19 young (19456K), 19 survivors (19456K)
 Metaspace       used 130574K, committed 131904K, reserved 1163264K
  class space    used 17181K, committed 17792K, reserved 1048576K
}
Event: 3808.564 GC heap before
{Heap before GC invocations=94 (full 0):
 garbage-first heap   total 498688K, used 166208K [0x0000000080000000, 0x0000000100000000)
  region size 1024K, 24 young (24576K), 19 survivors (19456K)
 Metaspace       used 130574K, committed 131904K, reserved 1163264K
  class space    used 17181K, committed 17792K, reserved 1048576K
}
Event: 3808.741 GC heap after
{Heap after GC invocations=95 (full 0):
 garbage-first heap   total 498688K, used 149005K [0x0000000080000000, 0x0000000100000000)
  region size 1024K, 2 young (2048K), 2 survivors (2048K)
 Metaspace       used 130574K, committed 131904K, reserved 1163264K
  class space    used 17181K, committed 17792K, reserved 1048576K
}
Event: 3809.479 GC heap before
{Heap before GC invocations=95 (full 0):
 garbage-first heap   total 498688K, used 179725K [0x0000000080000000, 0x0000000100000000)
  region size 1024K, 33 young (33792K), 2 survivors (2048K)
 Metaspace       used 130586K, committed 131904K, reserved 1163264K
  class space    used 17181K, committed 17792K, reserved 1048576K
}

